<?xml version="1.0" encoding="UTF-8"?>
<testng-results skipped="0" failed="1" ignored="0" total="2" passed="1">
  <reporter-output>
  </reporter-output>
  <suite name="Suite" duration-ms="73493" started-at="2020-01-31T06:12:40Z" finished-at="2020-01-31T06:13:53Z">
    <groups>
    </groups>
    <test name="Test" duration-ms="73493" started-at="2020-01-31T06:12:40Z" finished-at="2020-01-31T06:13:53Z">
      <class name="com.Testcases.Naukri_ValidateLoginFunctionality">
        <test-method status="PASS" signature="initiateDriverInstances()[pri:0, instance:com.Testcases.Naukri_ValidateLoginFunctionality@34c4973]" name="initiateDriverInstances" is-config="true" duration-ms="19799" started-at="2020-01-31T06:12:42Z" finished-at="2020-01-31T06:13:01Z">
          <reporter-output>
          </reporter-output>
        </test-method> <!-- initiateDriverInstances -->
        <test-method status="PASS" signature="Naukri_Login(java.lang.String, java.lang.String, java.lang.String)[pri:0, instance:com.Testcases.Naukri_ValidateLoginFunctionality@34c4973]" name="Naukri_Login" duration-ms="19540" started-at="2020-01-31T06:13:01Z" data-provider="Excell314" finished-at="2020-01-31T06:13:21Z">
          <params>
            <param index="0">
              <value>
                <![CDATA[sayhitosujith@gmail.com]]>
              </value>
            </param>
            <param index="1">
              <value>
                <![CDATA[samanvitha]]>
              </value>
            </param>
            <param index="2">
              <value>
                <![CDATA[E:\\Winwire\\Builds\\NaukriChrome\\TestDatas\\UpdatedResume_selenium.docx]]>
              </value>
            </param>
          </params>
          <reporter-output>
          </reporter-output>
        </test-method> <!-- Naukri_Login -->
        <test-method status="PASS" signature="tearDown(org.testng.ITestResult)[pri:0, instance:com.Testcases.Naukri_ValidateLoginFunctionality@34c4973]" name="tearDown" is-config="true" duration-ms="1006" started-at="2020-01-31T06:13:21Z" finished-at="2020-01-31T06:13:22Z">
          <params>
            <param index="0">
              <value>
                <![CDATA[[TestResult name=Naukri_Login status=SUCCESS method=Naukri_ValidateLoginFunctionality.Naukri_Login(java.lang.String, java.lang.String, java.lang.String)[pri:0, instance:com.Testcases.Naukri_ValidateLoginFunctionality@34c4973] output={null}]]]>
              </value>
            </param>
          </params>
          <reporter-output>
          </reporter-output>
        </test-method> <!-- tearDown -->
        <test-method status="PASS" signature="initiateDriverInstances()[pri:0, instance:com.Testcases.Naukri_ValidateLoginFunctionality@34c4973]" name="initiateDriverInstances" is-config="true" duration-ms="16750" started-at="2020-01-31T06:13:22Z" finished-at="2020-01-31T06:13:39Z">
          <reporter-output>
          </reporter-output>
        </test-method> <!-- initiateDriverInstances -->
        <test-method status="FAIL" signature="Naukri_Login(java.lang.String, java.lang.String, java.lang.String)[pri:0, instance:com.Testcases.Naukri_ValidateLoginFunctionality@34c4973]" name="Naukri_Login" duration-ms="10425" started-at="2020-01-31T06:13:39Z" data-provider="Excell314" finished-at="2020-01-31T06:13:49Z">
          <params>
            <param index="0">
              <value>
                <![CDATA[sujithreddy1991@aol.com]]>
              </value>
            </param>
            <param index="1">
              <value>
                <![CDATA[samanvitha]]>
              </value>
            </param>
            <param index="2">
              <value>
                <![CDATA[E:\\Winwire\\Builds\\NaukriChrome\\TestDatas\\UpdatedResume_ManualTesting.docx]]>
              </value>
            </param>
          </params>
          <exception class="org.openqa.selenium.NoSuchElementException">
            <message>
              <![CDATA[no such element: Unable to locate element: {"method":"xpath","selector":"//*[@id='attachCV']"}
  (Session info: chrome=79.0.3945.130)
  (Driver info: chromedriver=2.38.552522 (437e6fbedfa8762dec75e2c5b3ddb86763dc9dcb),platform=Windows NT 10.0.18363 x86_64) (WARNING: The server did not provide any stacktrace information)
Command duration or timeout: 0 milliseconds
For documentation on this error, please visit: http://seleniumhq.org/exceptions/no_such_element.html
Build info: version: '3.11.0', revision: 'e59cfb3', time: '2018-03-11T20:33:15.31Z'
System info: host: 'SUJIT', ip: '10.10.10.146', os.name: 'Windows 10', os.arch: 'amd64', os.version: '10.0', java.version: '1.8.0_221'
Driver info: org.openqa.selenium.chrome.ChromeDriver
Capabilities {acceptInsecureCerts: false, acceptSslCerts: false, applicationCacheEnabled: false, browserConnectionEnabled: false, browserName: chrome, chrome: {chromedriverVersion: 2.38.552522 (437e6fbedfa876..., userDataDir: C:\Users\SUJITS~1\AppData\L...}, cssSelectorsEnabled: true, databaseEnabled: false, handlesAlerts: true, hasTouchScreen: false, javascriptEnabled: true, locationContextEnabled: true, mobileEmulationEnabled: false, nativeEvents: true, networkConnectionEnabled: false, pageLoadStrategy: normal, platform: XP, platformName: XP, rotatable: false, setWindowRect: true, takesHeapSnapshot: true, takesScreenshot: true, unexpectedAlertBehaviour: , unhandledPromptBehavior: , version: 79.0.3945.130, webStorageEnabled: true}
Session ID: 4843c883b421649cebf8788907bd4ffe
*** Element info: {Using=xpath, value=//*[@id='attachCV']}]]>
            </message>
            <full-stacktrace>
              <![CDATA[org.openqa.selenium.NoSuchElementException: no such element: Unable to locate element: {"method":"xpath","selector":"//*[@id='attachCV']"}
  (Session info: chrome=79.0.3945.130)
  (Driver info: chromedriver=2.38.552522 (437e6fbedfa8762dec75e2c5b3ddb86763dc9dcb),platform=Windows NT 10.0.18363 x86_64) (WARNING: The server did not provide any stacktrace information)
Command duration or timeout: 0 milliseconds
For documentation on this error, please visit: http://seleniumhq.org/exceptions/no_such_element.html
Build info: version: '3.11.0', revision: 'e59cfb3', time: '2018-03-11T20:33:15.31Z'
System info: host: 'SUJIT', ip: '10.10.10.146', os.name: 'Windows 10', os.arch: 'amd64', os.version: '10.0', java.version: '1.8.0_221'
Driver info: org.openqa.selenium.chrome.ChromeDriver
Capabilities {acceptInsecureCerts: false, acceptSslCerts: false, applicationCacheEnabled: false, browserConnectionEnabled: false, browserName: chrome, chrome: {chromedriverVersion: 2.38.552522 (437e6fbedfa876..., userDataDir: C:\Users\SUJITS~1\AppData\L...}, cssSelectorsEnabled: true, databaseEnabled: false, handlesAlerts: true, hasTouchScreen: false, javascriptEnabled: true, locationContextEnabled: true, mobileEmulationEnabled: false, nativeEvents: true, networkConnectionEnabled: false, pageLoadStrategy: normal, platform: XP, platformName: XP, rotatable: false, setWindowRect: true, takesHeapSnapshot: true, takesScreenshot: true, unexpectedAlertBehaviour: , unhandledPromptBehavior: , version: 79.0.3945.130, webStorageEnabled: true}
Session ID: 4843c883b421649cebf8788907bd4ffe
*** Element info: {Using=xpath, value=//*[@id='attachCV']}
at sun.reflect.NativeConstructorAccessorImpl.newInstance0(Native Method)
at sun.reflect.NativeConstructorAccessorImpl.newInstance(Unknown Source)
at sun.reflect.DelegatingConstructorAccessorImpl.newInstance(Unknown Source)
at java.lang.reflect.Constructor.newInstance(Unknown Source)
at org.openqa.selenium.remote.ErrorHandler.createThrowable(ErrorHandler.java:214)
at org.openqa.selenium.remote.ErrorHandler.throwIfResponseFailed(ErrorHandler.java:166)
at org.openqa.selenium.remote.http.JsonHttpResponseCodec.reconstructValue(JsonHttpResponseCodec.java:40)
at org.openqa.selenium.remote.http.AbstractHttpResponseCodec.decode(AbstractHttpResponseCodec.java:80)
at org.openqa.selenium.remote.http.AbstractHttpResponseCodec.decode(AbstractHttpResponseCodec.java:44)
at org.openqa.selenium.remote.HttpCommandExecutor.execute(HttpCommandExecutor.java:158)
at org.openqa.selenium.remote.service.DriverCommandExecutor.execute(DriverCommandExecutor.java:83)
at org.openqa.selenium.remote.RemoteWebDriver.execute(RemoteWebDriver.java:545)
at org.openqa.selenium.remote.RemoteWebDriver.findElement(RemoteWebDriver.java:319)
at org.openqa.selenium.remote.RemoteWebDriver.findElementByXPath(RemoteWebDriver.java:421)
at org.openqa.selenium.By$ByXPath.findElement(By.java:361)
at org.openqa.selenium.remote.RemoteWebDriver.findElement(RemoteWebDriver.java:311)
at com.pages.LoginSheet.uploadcv(LoginSheet.java:61)
at com.Testcases.Naukri_ValidateLoginFunctionality.Naukri_Login(Naukri_ValidateLoginFunctionality.java:24)
at sun.reflect.NativeMethodAccessorImpl.invoke0(Native Method)
at sun.reflect.NativeMethodAccessorImpl.invoke(Unknown Source)
at sun.reflect.DelegatingMethodAccessorImpl.invoke(Unknown Source)
at java.lang.reflect.Method.invoke(Unknown Source)
at org.testng.internal.MethodInvocationHelper.invokeMethod(MethodInvocationHelper.java:124)
at org.testng.internal.Invoker.invokeMethod(Invoker.java:580)
at org.testng.internal.Invoker.invokeTestMethod(Invoker.java:716)
at org.testng.internal.Invoker.invokeTestMethods(Invoker.java:988)
at org.testng.internal.TestMethodWorker.invokeTestMethods(TestMethodWorker.java:125)
at org.testng.internal.TestMethodWorker.run(TestMethodWorker.java:109)
at org.testng.TestRunner.privateRun(TestRunner.java:648)
at org.testng.TestRunner.run(TestRunner.java:505)
at org.testng.SuiteRunner.runTest(SuiteRunner.java:455)
at org.testng.SuiteRunner.runSequentially(SuiteRunner.java:450)
at org.testng.SuiteRunner.privateRun(SuiteRunner.java:415)
at org.testng.SuiteRunner.run(SuiteRunner.java:364)
at org.testng.SuiteRunnerWorker.runSuite(SuiteRunnerWorker.java:52)
at org.testng.SuiteRunnerWorker.run(SuiteRunnerWorker.java:84)
at org.testng.TestNG.runSuitesSequentially(TestNG.java:1208)
at org.testng.TestNG.runSuitesLocally(TestNG.java:1137)
at org.testng.TestNG.runSuites(TestNG.java:1049)
at org.testng.TestNG.run(TestNG.java:1017)
at org.testng.remote.AbstractRemoteTestNG.run(AbstractRemoteTestNG.java:114)
at org.testng.remote.RemoteTestNG.initAndRun(RemoteTestNG.java:251)
at org.testng.remote.RemoteTestNG.main(RemoteTestNG.java:77)
]]>
            </full-stacktrace>
          </exception> <!-- org.openqa.selenium.NoSuchElementException -->
          <reporter-output>
          </reporter-output>
        </test-method> <!-- Naukri_Login -->
        <test-method status="PASS" signature="tearDown(org.testng.ITestResult)[pri:0, instance:com.Testcases.Naukri_ValidateLoginFunctionality@34c4973]" name="tearDown" is-config="true" duration-ms="3868" started-at="2020-01-31T06:13:49Z" finished-at="2020-01-31T06:13:53Z">
          <params>
            <param index="0">
              <value>
                <![CDATA[[TestResult name=Naukri_Login status=FAILURE method=Naukri_ValidateLoginFunctionality.Naukri_Login(java.lang.String, java.lang.String, java.lang.String)[pri:0, instance:com.Testcases.Naukri_ValidateLoginFunctionality@34c4973] output={null}]]]>
              </value>
            </param>
          </params>
          <reporter-output>
          </reporter-output>
        </test-method> <!-- tearDown -->
      </class> <!-- com.Testcases.Naukri_ValidateLoginFunctionality -->
    </test> <!-- Test -->
  </suite> <!-- Suite -->
</testng-results>
